<?xml version="1.0" encoding="utf-8"?><testsuites><testsuite name="pytest" errors="0" failures="0" skipped="0" tests="28" time="2.406" timestamp="2026-09-17T23:03:58.513816" hostname="ROS"><testcase classname="dobot_web_interface.test.test_auth" name="test_basic_auth_accepts_expected_credentials" time="0.001" /><testcase classname="dobot_web_interface.test.test_auth" name="test_basic_auth_rejects_wrong_user_or_token" time="0.001" /><testcase classname="dobot_web_interface.test.test_auth" name="test_basic_auth_rejects_missing_header" time="0.001" /><testcase classname="dobot_web_interface.test.test_automatic_placement_observation" name="test_rgbd_zone_observation_uses_the_canonical_zone_key" time="0.001" /><testcase classname="dobot_web_interface.test.test_automatic_placement_observation" name="test_missing_zone_observation_is_not_treated_as_empty" time="0.001" /><testcase classname="dobot_web_interface.test.test_markerless_calibration_api" name="test_marker_ids_and_zero_detections_do_not_affect_readiness" time="0.001" /><testcase classname="dobot_web_interface.test.test_markerless_calibration_api" name="test_fake_old_board_status_cannot_produce_ready" time="0.001" /><testcase classname="dobot_web_interface.test.test_markerless_calibration_api" name="test_web_calibration_button_calls_markerless_service" time="0.001" /><testcase classname="dobot_web_interface.test.test_markerless_calibration_api" name="test_web_status_is_authoritative_topic_snapshot" time="0.001" /><testcase classname="dobot_web_interface.test.test_operator_ui" name="test_operator_counts_only_known_operator_classes" time="0.001" /><testcase classname="dobot_web_interface.test.test_operator_ui" name="test_operator_status_is_sanitized_and_thai_ready" time="0.001" /><testcase classname="dobot_web_interface.test.test_operator_ui" name="test_operator_fault_codes_have_actionable_thai_messages" time="0.001" /><testcase classname="dobot_web_interface.test.test_operator_ui" name="test_operator_start_refuses_failed_preflight_before_motion" time="0.001" /><testcase classname="dobot_web_interface.test.test_operator_ui" name="test_operator_stop_propagates_to_vision_robot_abort" time="0.001" /><testcase classname="dobot_web_interface.test.test_operator_ui" name="test_operator_is_default_and_engineer_page_is_removed" time="0.062" /><testcase classname="dobot_web_interface.test.test_pick_all_workflow" name="test_pick_all_uses_a_fresh_scene_before_every_item_and_after_each_place" time="0.001" /><testcase classname="dobot_web_interface.test.test_pick_all_workflow" name="test_pick_all_does_not_move_when_selected_target_disappears_before_pick" time="0.001" /><testcase classname="dobot_web_interface.test.test_start_stop_concurrency" name="test_stop_during_starting_cannot_be_cleared_by_start" time="0.001" /><testcase classname="dobot_web_interface.test.test_start_stop_concurrency" name="test_start_is_rejected_until_idle_stop_is_acknowledged" time="0.001" /><testcase classname="dobot_web_interface.test.test_start_stop_concurrency" name="test_fault_rejects_start_until_explicit_reset" time="0.001" /><testcase classname="dobot_web_interface.test.test_start_stop_concurrency" name="test_automatic_calibration_uses_guarded_load_verify_or_calibrate_service" time="0.002" /><testcase classname="dobot_web_interface.test.test_system_integration" name="test_readiness_is_fail_closed_for_a_stale_calibration_or_camera" time="0.002" /><testcase classname="dobot_web_interface.test.test_system_integration" name="test_camera_heartbeat_is_reported_separately_from_quality_readiness" time="0.001" /><testcase classname="dobot_web_interface.test.test_system_integration" name="test_startup_actions_follow_the_fixed_order_once_each" time="0.001" /><testcase classname="dobot_web_interface.test.test_system_integration" name="test_startup_fault_latches_until_explicit_reset" time="0.001" /><testcase classname="dobot_web_interface.test.test_tool_mapping" name="test_gripper_mapping_is_dedicated" time="0.001" /><testcase classname="dobot_web_interface.test.test_tool_mapping" name="test_suction_mapping_is_dedicated" time="0.001" /><testcase classname="dobot_web_interface.test.test_tool_mapping" name="test_swapped_mapping_is_rejected" time="0.001" /></testsuite></testsuites>