<?xml version="1.0" encoding="utf-8"?><testsuites><testsuite name="pytest" errors="0" failures="0" skipped="0" tests="54" time="2.123" timestamp="2026-09-17T11:02:00.277659" hostname="ROS"><testcase classname="dobot_vision_rgbd.test.test_camera_health" name="test_health_sensor_qos_keeps_only_the_latest_sample" time="0.001" /><testcase classname="dobot_vision_rgbd.test.test_camera_health" name="test_low_rate_cloud_can_use_a_longer_freshness_window" time="0.004" /><testcase classname="dobot_vision_rgbd.test.test_camera_health" name="test_cloud_callback_never_destroys_or_recreates_executor_entities" time="0.002" /><testcase classname="dobot_vision_rgbd.test.test_camera_health" name="test_usb_requires_superspeed_on_depth_data_path[speeds0-False]" time="0.005" /><testcase classname="dobot_vision_rgbd.test.test_camera_health" name="test_usb_requires_superspeed_on_depth_data_path[speeds1-True]" time="0.004" /><testcase classname="dobot_vision_rgbd.test.test_camera_health" name="test_usb_requires_superspeed_on_depth_data_path[speeds2-True]" time="0.004" /><testcase classname="dobot_vision_rgbd.test.test_camera_health" name="test_missing_usb_does_not_report_ready" time="0.002" /><testcase classname="dobot_vision_rgbd.test.test_camera_health" name="test_missing_or_ambiguous_camera_identity_fails_closed" time="0.005" /><testcase classname="dobot_vision_rgbd.test.test_camera_health" name="test_depth_rejects_zero_and_respects_endianness_and_padding" time="0.001" /><testcase classname="dobot_vision_rgbd.test.test_camera_health" name="test_cloud_requires_finite_xyz_and_positive_depth" time="0.001" /><testcase classname="dobot_vision_rgbd.test.test_camera_health" name="test_cloud_accepts_only_a_provably_complete_packed_vendor_buffer" time="0.001" /><testcase classname="dobot_vision_rgbd.test.test_camera_health" name="test_metrics_report_staleness_gaps_and_repeated_timestamps" time="0.002" /><testcase classname="dobot_vision_rgbd.test.test_camera_health" name="test_fresh_low_rate_is_degraded_warning_not_hard_blocker" time="0.005" /><testcase classname="dobot_vision_rgbd.test.test_camera_health" name="test_sync_uses_a_live_matching_pair_instead_of_unrelated_latest_frames" time="0.001" /><testcase classname="dobot_vision_rgbd.test.test_camera_health" name="test_health_can_report_ready_for_complete_valid_data" time="0.005" /><testcase classname="dobot_vision_rgbd.test.test_camera_health" name="test_usable_rate_is_ready_but_requested_rate_degradation_is_visible" time="0.005" /><testcase classname="dobot_vision_rgbd.test.test_camera_health" name="test_usb2_blocks_otherwise_valid_streams" time="0.005" /><testcase classname="dobot_vision_rgbd.test.test_camera_health" name="test_stream_loss_clears_readiness" time="0.004" /><testcase classname="dobot_vision_rgbd.test.test_camera_health" name="test_zero_depth_clears_readiness" time="0.004" /><testcase classname="dobot_vision_rgbd.test.test_camera_health" name="test_invalid_rgb_buffer_clears_readiness" time="0.004" /><testcase classname="dobot_vision_rgbd.test.test_camera_health" name="test_cloud_frame_mismatch_clears_readiness" time="0.005" /><testcase classname="dobot_vision_rgbd.test.test_camera_health" name="test_active_or_unknown_protection_blocks_readiness[True]" time="0.008" /><testcase classname="dobot_vision_rgbd.test.test_camera_health" name="test_active_or_unknown_protection_blocks_readiness[None]" time="0.011" /><testcase classname="dobot_vision_rgbd.test.test_camera_health" name="test_stale_protection_status_blocks_readiness" time="0.007" /><testcase classname="dobot_vision_rgbd.test.test_camera_health" name="test_forwarded_health_preserves_image_age[50.0-450.0-True]" time="0.006" /><testcase classname="dobot_vision_rgbd.test.test_camera_health" name="test_forwarded_health_preserves_image_age[700.0-1100.0-False]" time="0.006" /><testcase classname="dobot_vision_rgbd.test.test_camera_health" name="test_forwarded_health_preserves_image_age[None-None-False]" time="0.006" /><testcase classname="dobot_vision_rgbd.test.test_camera_health" name="test_forwarded_health_preserves_image_age[-1.0-None-False]" time="0.006" /><testcase classname="dobot_vision_rgbd.test.test_camera_health" name="test_forwarded_health_preserves_image_age[nan-None-False]" time="0.004" /><testcase classname="dobot_vision_rgbd.test.test_camera_health" name="test_direct_images_do_not_depend_on_detector_heartbeat" time="0.004" /><testcase classname="dobot_vision_rgbd.test.test_camera_health" name="test_stopped_direct_depth_cannot_be_masked_by_detector_health" time="0.006" /><testcase classname="dobot_vision_rgbd.test.test_color_classifier" name="test_yellow_black_white_unknown" time="0.010" /><testcase classname="dobot_vision_rgbd.test.test_color_classifier" name="test_configured_priority_resolves_overlapping_color_ranges" time="0.004" /><testcase classname="dobot_vision_rgbd.test.test_depth_diagnostic" name="test_decode_and_statistics_preserve_raw_uint16_values" time="0.001" /><testcase classname="dobot_vision_rgbd.test.test_depth_diagnostic" name="test_decode_rejects_malformed_buffer" time="0.001" /><testcase classname="dobot_vision_rgbd.test.test_depth_geometry" name="test_median_outliers_and_invalid_values" time="0.001" /><testcase classname="dobot_vision_rgbd.test.test_depth_geometry" name="test_nan_zero_depth_invalid" time="0.001" /><testcase classname="dobot_vision_rgbd.test.test_depth_geometry" name="test_deprojection_and_physical_size" time="0.001" /><testcase classname="dobot_vision_rgbd.test.test_detection_schema" name="test_valid_ineligible_detection_requires_reason" time="0.001" /><testcase classname="dobot_vision_rgbd.test.test_object_fusion" name="test_cap_fusion[color0-yellow_cap]" time="0.032" /><testcase classname="dobot_vision_rgbd.test.test_object_fusion" name="test_cap_fusion[color1-black_cap]" time="0.028" /><testcase classname="dobot_vision_rgbd.test.test_object_fusion" name="test_cap_fusion[color2-white_cap]" time="0.025" /><testcase classname="dobot_vision_rgbd.test.test_object_fusion" name="test_flat_pattern_rejected" time="0.029" /><testcase classname="dobot_vision_rgbd.test.test_object_fusion" name="test_invalid_depth_and_unknown_color_rejected" time="0.028" /><testcase classname="dobot_vision_rgbd.test.test_object_fusion_health" name="test_heartbeat_continues_after_sync_without_republishing_targets" time="0.001" /><testcase classname="dobot_vision_rgbd.test.test_object_fusion_health" name="test_live_depth_validity_changes_without_synchronized_detection[raw0-True]" time="0.002" /><testcase classname="dobot_vision_rgbd.test.test_object_fusion_health" name="test_live_depth_validity_changes_without_synchronized_detection[raw1-False]" time="0.002" /><testcase classname="dobot_vision_rgbd.test.test_object_fusion_health" name="test_unreadable_live_depth_clears_previous_validity" time="0.001" /><testcase classname="dobot_vision_rgbd.test.test_object_fusion_health" name="test_repeated_health_does_not_refresh_stopped_streams" time="0.002" /><testcase classname="dobot_vision_rgbd.test.test_shape_detector" name="test_circle" time="0.003" /><testcase classname="dobot_vision_rgbd.test.test_shape_detector" name="test_triangle" time="0.002" /><testcase classname="dobot_vision_rgbd.test.test_shape_detector" name="test_square_and_rectangle" time="0.003" /><testcase classname="dobot_vision_rgbd.test.test_shape_detector" name="test_noise_rejection" time="0.002" /><testcase classname="dobot_vision_rgbd.test.test_visualization" name="test_annotation_handles_valid_object_depth_without_table_height" time="0.001" /></testsuite></testsuites>